0 info it worked if it ends with ok
1 verbose cli [ '/usr/bin/node', '/usr/bin/npm', 'install', 'cyrpto' ]
2 info using npm@1.4.29
3 info using node@v0.10.42
4 verbose node symlink /usr/bin/node
5 warn deprecated This version of npm lacks support for important features,
6 warn deprecated such as scoped packages, offered by the primary npm
7 warn deprecated registry. Consider upgrading to at least npm@2, if not the
8 warn deprecated latest stable version. To upgrade to npm@2, run:
9 warn deprecated npm -g install npm@latest-2
10 warn deprecated To upgrade to the latest stable version, run:
11 warn deprecated npm -g install npm@latest
12 warn deprecated (Depending on how Node.js was installed on your system, you
13 warn deprecated may need to prefix the preceding commands with `sudo`, or if
14 warn deprecated on Windows, run them from an Administrator prompt.)
15 warn deprecated If you're running the version of npm bundled with
16 warn deprecated Node.js 0.10 LTS, be aware that the next version of 0.10 LTS
17 warn deprecated will be bundled with a version of npm@2, which has some small
18 warn deprecated backwards-incompatible changes made to `npm run-script` and
19 warn deprecated semver behavior.
20 warn package.json YuruyenUcak@0.0.0 No description
21 warn package.json YuruyenUcak@0.0.0 No repository field.
22 warn package.json YuruyenUcak@0.0.0 No README data
23 warn package.json crypto@0.0.1 crypto is also the name of a node core module.
24 verbose readDependencies using package.json deps
25 verbose cache add [ 'cyrpto', null ]
26 verbose cache add name=undefined spec="cyrpto" args=["cyrpto",null]
27 verbose parsed url { protocol: null,
27 verbose parsed url   slashes: null,
27 verbose parsed url   auth: null,
27 verbose parsed url   host: null,
27 verbose parsed url   port: null,
27 verbose parsed url   hostname: null,
27 verbose parsed url   hash: null,
27 verbose parsed url   search: null,
27 verbose parsed url   query: null,
27 verbose parsed url   pathname: 'cyrpto',
27 verbose parsed url   path: 'cyrpto',
27 verbose parsed url   href: 'cyrpto' }
28 silly lockFile f271977d-cyrpto cyrpto
29 verbose lock cyrpto /home/onurispanlar/.npm/f271977d-cyrpto.lock
30 silly lockFile f271977d-cyrpto cyrpto
31 silly lockFile f271977d-cyrpto cyrpto
32 verbose addNamed [ 'cyrpto', '' ]
33 verbose addNamed [ null, '*' ]
34 silly lockFile 7f528ea9-cyrpto cyrpto@
35 verbose lock cyrpto@ /home/onurispanlar/.npm/7f528ea9-cyrpto.lock
36 silly addNameRange { name: 'cyrpto', range: '*', hasData: false }
37 verbose request where is /cyrpto
38 verbose request registry https://registry.npmjs.org/
39 verbose request id 504f1fe1cc13b7ec
40 verbose url raw /cyrpto
41 verbose url resolving [ 'https://registry.npmjs.org/', './cyrpto' ]
42 verbose url resolved https://registry.npmjs.org/cyrpto
43 verbose request where is https://registry.npmjs.org/cyrpto
44 info trying registry request attempt 1 at 11:40:24
45 http GET https://registry.npmjs.org/cyrpto
46 http 404 https://registry.npmjs.org/cyrpto
47 silly registry.get cb [ 404,
47 silly registry.get   { 'content-type': 'application/json',
47 silly registry.get     'cache-control': 'max-age=0',
47 silly registry.get     'content-length': '2',
47 silly registry.get     'accept-ranges': 'bytes',
47 silly registry.get     date: 'Sat, 20 Feb 2016 17:40:20 GMT',
47 silly registry.get     via: '1.1 varnish',
47 silly registry.get     age: '0',
47 silly registry.get     connection: 'keep-alive',
47 silly registry.get     'x-served-by': 'cache-ord1723-ORD',
47 silly registry.get     'x-cache': 'MISS',
47 silly registry.get     'x-cache-hits': '0',
47 silly registry.get     'x-timer': 'S1455990020.739332,VS0,VE159' } ]
48 silly lockFile 7f528ea9-cyrpto cyrpto@
49 silly lockFile 7f528ea9-cyrpto cyrpto@
50 error 404 Not Found
50 error 404
50 error 404 'cyrpto' is not in the npm registry.
50 error 404 You should bug the author to publish it
50 error 404 It was specified as a dependency of 'YuruyenUcak'
50 error 404
50 error 404 Note that you can also install from a
50 error 404 tarball, folder, or http url, or git url.
51 error System Linux 3.13.0-74-generic
52 error command "/usr/bin/node" "/usr/bin/npm" "install" "cyrpto"
53 error cwd /home/onurispanlar/kodingHackaton/Applications/YuruyenUcak
54 error node -v v0.10.42
55 error npm -v 1.4.29
56 error code E404
57 verbose exit [ 1, true ]
